2024-03-05 23:34:25,783 - pyswarms.single.global_best - INFO - Optimize for 10 iters with {'c1': 0.5, 'c2': 0.3, 'w': 0.9}
2024-03-05 23:35:44,634 - pyswarms.single.global_best - INFO - Optimize for 10 iters with {'c1': 0.5, 'c2': 0.3, 'w': 0.9}
2024-03-05 23:36:38,591 - pyswarms.single.global_best - INFO - Optimize for 10 iters with {'c1': 0.5, 'c2': 0.3, 'w': 0.9}
2024-03-05 23:37:45,489 - pyswarms.single.global_best - INFO - Optimize for 10 iters with {'c1': 0.5, 'c2': 0.3, 'w': 0.9}
2024-03-05 23:38:05,935 - pyswarms.single.global_best - INFO - Optimize for 10 iters with {'c1': 0.5, 'c2': 0.3, 'w': 0.9}
2024-03-05 23:38:39,546 - pyswarms.single.global_best - INFO - Optimize for 10 iters with {'c1': 0.5, 'c2': 0.3, 'w': 0.9}
2024-03-05 23:39:01,015 - pyswarms.single.global_best - INFO - Optimize for 10 iters with {'c1': 0.5, 'c2': 0.3, 'w': 0.9}
2024-03-05 23:54:21,484 - matplotlib.font_manager - INFO - generated new fontManager
2024-03-07 11:01:04,061 - pyswarms.single.global_best - INFO - Optimize for 10 iters with {'c1': 0.5, 'c2': 0.3, 'w': 0.9}
2024-03-07 11:01:42,203 - pyswarms.single.global_best - INFO - Optimize for 10 iters with {'c1': 0.5, 'c2': 0.3, 'w': 0.9}
2024-03-07 11:02:24,623 - pyswarms.single.global_best - INFO - Optimize for 10 iters with {'c1': 0.5, 'c2': 0.3, 'w': 0.9}
2024-03-07 11:05:47,190 - pyswarms.single.global_best - INFO - Optimize for 10 iters with {'c1': 0.5, 'c2': 0.3, 'w': 0.9}
2024-03-07 11:06:53,489 - pyswarms.single.global_best - INFO - Optimize for 10 iters with {'c1': 0.5, 'c2': 0.3, 'w': 0.9}
2024-03-07 11:08:15,679 - pyswarms.single.global_best - INFO - Optimize for 10 iters with {'c1': 0.5, 'c2': 0.3, 'w': 0.9}
2024-03-07 11:08:56,596 - pyswarms.single.global_best - INFO - Optimize for 10 iters with {'c1': 0.5, 'c2': 0.3, 'w': 0.9}
2024-03-07 11:13:39,639 - pyswarms.single.global_best - INFO - Optimize for 10 iters with {'c1': 0.5, 'c2': 0.3, 'w': 0.9}
2024-03-07 11:14:59,481 - pyswarms.single.global_best - INFO - Optimize for 10 iters with {'c1': 0.5, 'c2': 0.3, 'w': 0.9}
2024-03-07 11:15:08,041 - pyswarms.single.global_best - INFO - Optimization finished | best cost: -0.5225, best pos: [0.35034439 0.74877914 0.08816525 ... 0.40728214 0.2537309  0.53447344]
2024-03-07 11:16:26,990 - pyswarms.single.global_best - INFO - Optimize for 10 iters with {'c1': 0.5, 'c2': 0.3, 'w': 0.9}
2024-03-07 11:16:35,346 - pyswarms.single.global_best - INFO - Optimization finished | best cost: -0.5225, best pos: [0.51256973 0.74956541 0.17324977 ... 0.61308166 0.47582146 0.89763852]
2024-03-11 02:00:00,695 - pyswarms.single.global_best - INFO - Optimize for 100 iters with {'c1': 0.5, 'c2': 0.3, 'w': 0.9}
2024-03-11 02:01:12,124 - pyswarms.single.global_best - INFO - Optimize for 100 iters with {'c1': 0.5, 'c2': 0.3, 'w': 0.9}
2024-03-11 02:01:16,369 - pyswarms.single.global_best - INFO - Optimize for 100 iters with {'c1': 0.5, 'c2': 0.3, 'w': 0.9}
2024-03-11 02:01:17,314 - pyswarms.single.global_best - INFO - Optimize for 100 iters with {'c1': 0.5, 'c2': 0.3, 'w': 0.9}
2024-03-11 02:06:46,393 - pyswarms.single.global_best - INFO - Optimize for 100 iters with {'c1': 0.5, 'c2': 0.3, 'w': 0.9}
2024-03-11 02:07:53,387 - pyswarms.single.global_best - INFO - Optimize for 100 iters with {'c1': 0.5, 'c2': 0.3, 'w': 0.9}
2024-03-11 02:08:00,136 - pyswarms.single.global_best - INFO - Optimize for 100 iters with {'c1': 0.5, 'c2': 0.3, 'w': 0.9}
2024-03-11 02:08:05,541 - pyswarms.single.global_best - INFO - Optimize for 100 iters with {'c1': 0.5, 'c2': 0.3, 'w': 0.9}
2024-03-11 02:11:36,621 - pyswarms.single.global_best - INFO - Optimize for 100 iters with {'c1': 0.5, 'c2': 0.3, 'w': 0.9}
2024-03-11 02:15:37,128 - pyswarms.single.global_best - INFO - Optimize for 100 iters with {'c1': 0.5, 'c2': 0.3, 'w': 0.9}
2024-03-11 02:19:49,681 - pyswarms.single.global_best - INFO - Optimize for 100 iters with {'c1': 0.5, 'c2': 0.3, 'w': 0.9}
2024-03-11 02:21:47,177 - pyswarms.single.global_best - INFO - Optimize for 100 iters with {'c1': 0.5, 'c2': 0.3, 'w': 0.9}
2024-03-11 02:25:57,889 - pyswarms.single.global_best - INFO - Optimize for 100 iters with {'c1': 0.5, 'c2': 0.3, 'w': 0.9}
2024-03-11 02:26:52,829 - pyswarms.single.global_best - INFO - Optimize for 100 iters with {'c1': 0.5, 'c2': 0.3, 'w': 0.9}
2024-03-11 02:27:12,188 - pyswarms.single.global_best - INFO - Optimization finished | best cost: -0.505, best pos: [0.40464224 0.44716956 0.69650066 ... 0.16098389 1.77841489 1.64416093]
2024-03-11 02:33:51,975 - pyswarms.single.global_best - INFO - Optimize for 100 iters with {'c1': 0.5, 'c2': 0.3, 'w': 0.9}
2024-03-11 02:34:10,015 - pyswarms.single.global_best - INFO - Optimization finished | best cost: -0.505, best pos: [0.54448032 1.44871887 0.669904   ... 1.44048744 1.81235952 1.1546772 ]
2024-03-12 21:57:17,954 - pyswarms.single.global_best - INFO - Optimize for 100 iters with {'c1': 0.5, 'c2': 0.3, 'w': 0.9}
2024-03-12 21:57:51,200 - pyswarms.single.global_best - INFO - Optimization finished | best cost: -0.505, best pos: [1.97866082 1.00967799 1.60002618 ... 0.78182437 1.58544769 1.89645821]
2024-03-15 08:03:54,042 - pyswarms.single.global_best - INFO - Optimize for 100 iters with {'c1': 0.5, 'c2': 0.3, 'w': 0.9}
2024-03-15 08:07:02,784 - pyswarms.single.global_best - INFO - Optimization finished | best cost: -0.5033333333333333, best pos: [0.43662872 0.84364644 1.49141859 ... 0.71417444 0.63711554 1.19833786]
2024-04-08 04:28:30,920 - pyswarms.single.global_best - INFO - Optimize for 30 iters with {'c1': 0.5, 'c2': 0.5, 'w': 0.9, 'k': 1, 'p': 2, 'r': 1, 'interval': (0.0, 1.0), 'iteration': 30, 'n_processes': 1}
2024-04-08 04:31:12,378 - pyswarms.single.global_best - INFO - Optimize for 30 iters with {'c1': 0.5, 'c2': 0.5, 'w': 0.9, 'k': 1, 'p': 2, 'r': 1, 'interval': (0.0, 1.0), 'iteration': 30, 'n_processes': 1}
2024-04-08 04:31:14,670 - pyswarms.single.global_best - INFO - Optimization finished | best cost: -0.53, best pos: [0.71206713 0.88427115 0.88576508 ... 0.72433977 0.92918071 0.82486228]
2024-05-13 23:19:30,241 - pyswarms.single.global_best - INFO - Optimize for 10 iters with {'c1': 0.1, 'c2': 0.1, 'w': 0.1}
2024-05-13 23:20:24,757 - pyswarms.single.global_best - INFO - Optimize for 10 iters with {'c1': 0.1, 'c2': 0.1, 'w': 0.1}
2024-05-13 23:22:28,981 - pyswarms.single.global_best - INFO - Optimize for 10 iters with {'c1': 0.1, 'c2': 0.1, 'w': 0.1}
2024-05-13 23:23:15,676 - pyswarms.single.global_best - INFO - Optimize for 10 iters with {'c1': 0.1, 'c2': 0.1, 'w': 0.1}
2024-05-13 23:27:30,276 - pyswarms.single.global_best - INFO - Optimize for 10 iters with {'c1': 0.1, 'c2': 0.1, 'w': 0.1}
2024-05-13 23:28:11,894 - pyswarms.single.global_best - INFO - Optimize for 10 iters with {'c1': 0.1, 'c2': 0.1, 'w': 0.1}
2024-05-13 23:29:35,297 - pyswarms.single.global_best - INFO - Optimize for 10 iters with {'c1': 0.1, 'c2': 0.1, 'w': 0.1}
2024-05-13 23:31:05,055 - pyswarms.single.global_best - INFO - Optimize for 10 iters with {'c1': 0.1, 'c2': 0.1, 'w': 0.1}
2024-05-13 23:32:35,717 - pyswarms.single.global_best - INFO - Optimize for 10 iters with {'c1': 0.1, 'c2': 0.1, 'w': 0.1}
2024-05-13 23:34:07,696 - pyswarms.single.global_best - INFO - Optimize for 10 iters with {'c1': 0.1, 'c2': 0.1, 'w': 0.1}
2024-05-13 23:34:53,545 - pyswarms.single.global_best - INFO - Optimize for 10 iters with {'c1': 0.1, 'c2': 0.1, 'w': 0.1}
2024-05-13 23:39:27,382 - pyswarms.single.global_best - INFO - Optimize for 10 iters with {'c1': 0.1, 'c2': 0.1, 'w': 0.1}
2024-05-13 23:42:00,670 - pyswarms.single.global_best - INFO - Optimize for 10 iters with {'c1': 0.1, 'c2': 0.1, 'w': 0.1}
2024-05-13 23:44:03,824 - pyswarms.single.global_best - INFO - Optimize for 10 iters with {'c1': 0.1, 'c2': 0.1, 'w': 0.1}
2024-05-13 23:45:27,352 - pyswarms.single.global_best - INFO - Optimize for 10 iters with {'c1': 0.1, 'c2': 0.1, 'w': 0.1}
2024-05-13 23:46:03,400 - pyswarms.single.global_best - INFO - Optimize for 10 iters with {'c1': 0.1, 'c2': 0.1, 'w': 0.1}
2024-05-13 23:46:53,572 - pyswarms.single.global_best - INFO - Optimize for 10 iters with {'c1': 0.1, 'c2': 0.1, 'w': 0.1}
2024-05-13 23:48:15,512 - pyswarms.single.global_best - INFO - Optimize for 10 iters with {'c1': 0.1, 'c2': 0.1, 'w': 0.1}
2024-05-13 23:48:16,307 - pyswarms.single.global_best - INFO - Optimization finished | best cost: 0.27812499999999996, best pos: [0.38152285 0.90508322 0.8048975  ... 0.30881173 0.0160424  0.56573699]
2024-05-14 00:28:24,574 - pyswarms.single.global_best - INFO - Optimize for 10 iters with {'c1': 0.1, 'c2': 0.1, 'w': 0.1}
2024-05-14 00:28:25,536 - pyswarms.single.global_best - INFO - Optimization finished | best cost: 0.27812499999999996, best pos: [0.67723175 0.85113458 0.92887965 ... 0.60350329 0.31518595 0.84581351]
2024-05-14 00:30:27,158 - pyswarms.single.global_best - INFO - Optimize for 10 iters with {'c1': 0.1, 'c2': 0.1, 'w': 0.1}
2024-05-14 00:36:15,856 - pyswarms.single.global_best - INFO - Optimize for 10 iters with {'c1': 0.1, 'c2': 0.1, 'w': 0.1}
2024-05-14 00:37:26,688 - pyswarms.single.global_best - INFO - Optimize for 10 iters with {'c1': 0.1, 'c2': 0.1, 'w': 0.1}
2024-05-14 01:08:37,102 - pyswarms.single.global_best - INFO - Optimize for 10 iters with {'c1': 0.1, 'c2': 0.1, 'w': 0.1}
2024-05-14 01:08:37,656 - pyswarms.single.global_best - INFO - Optimization finished | best cost: 0.27812499999999996, best pos: [0.89399167 0.57617133 0.07032796 0.36919612]
2024-05-14 01:10:18,402 - pyswarms.single.global_best - INFO - Optimize for 10 iters with {'c1': 0.1, 'c2': 0.1, 'w': 0.1}
2024-05-14 01:11:31,409 - pyswarms.single.global_best - INFO - Optimize for 10 iters with {'c1': 0.1, 'c2': 0.1, 'w': 0.1}
